2025-11-15 00:22:17.229 | DEBUG    | tts_mlx_isolated:run_tts:217 - TTSMLXIsolated#0: Finished TTS [ there]
2025-11-15 00:22:17.230 | DEBUG    | pipecat.processors.metrics.frame_processor_metrics:stop_ttfb_metrics:131 - TTSMLXIsolated#0 TTFB: 20.00102710723877
2025-11-15 00:22:17.230 | DEBUG    | pipecat.processors.metrics.frame_processor_metrics:stop_processing_metrics:152 - TTSMLXIsolated#0 processing time: 20.00121784210205
2025-11-15 00:22:17.230 | DEBUG    | tts_mlx_isolated:run_tts:178 - TTSMLXIsolated#0: Generating TTS [!]
2025-11-15 00:22:17.230 | DEBUG    | pipecat.processors.metrics.frame_processor_metrics:start_tts_usage_metrics:191 - TTSMLXIsolated#0 usage characters: 1
2025-11-15 00:22:17.231 | DEBUG    | tts_mlx_isolated:_send_command:104 - Sending command: {'cmd': 'generate', 'text': '!'}
2025-11-15 00:22:17.233 | WARNING  | pipecat.pipeline.task:_source_push_frame:606 - Something went wrong: ErrorFrame#1(error: Audio generation failed: Worker response timeout, fatal: False)
Fetching 2 files: 100%|███████████████████████████████████████████████████████████████████████████████████████████████████████████████████████████████████████████████████████████| 2/2 [00:00<00:00, 13617.87it/s]
2025-11-15 00:22:21.294 | INFO     | mlx_audio.tts.models.kokoro.kokoro:_get_pipeline:261 - Creating new KokoroPipeline for language: a
2025-11-15 00:22:23.078 | DEBUG    | tts_mlx_isolated:_send_command:131 - Worker response: {"success": true}
2025-11-15 00:22:23.078 | ERROR    | tts_mlx_isolated:run_tts:214 - Error in run_tts: 'audio'
2025-11-15 00:22:23.078 | DEBUG    | tts_mlx_isolated:run_tts:217 - TTSMLXIsolated#0: Finished TTS [!]
2025-11-15 00:22:23.078 | DEBUG    | pipecat.processors.metrics.frame_processor_metrics:stop_ttfb_metrics:131 - TTSMLXIsolated#0 TTFB: 5.8478968143463135
2025-11-15 00:22:23.078 | DEBUG    | pipecat.processors.metrics.frame_processor_metrics:stop_processing_metrics:152 - TTSMLXIsolated#0 processing time: 5.848092794418335
2025-11-15 00:22:23.078 | DEBUG    | tts_mlx_isolated:run_tts:178 - TTSMLXIsolated#0: Generating TTS [ I'm]
2025-11-15 00:22:23.078 | DEBUG    | pipecat.processors.metrics.frame_processor_metrics:start_tts_usage_metrics:191 - TTSMLXIsolated#0 usage characters: 4
2025-11-15 00:22:23.078 | DEBUG    | tts_mlx_isolated:_send_command:104 - Sending command: {'cmd': 'generate', 'text': " I'm"}
2025-11-15 00:22:23.079 | WARNING  | pipecat.pipeline.task:_source_push_frame:606 - Something went wrong: ErrorFrame#2(error: 'audio', fatal: False)
Generated segment shape: (28800,), min: -0.2520, max: 0.2132
Final audio shape: (28800,), min: -0.2520, max: 0.2132
2025-11-15 00:22:25.563 | DEBUG    | tts_mlx_isolated:_send_command:127 - Worker response: success with 76800 chars of audio data
2025-11-15 00:22:25.563 | DEBUG    | pipecat.processors.metrics.frame_processor_metrics:stop_ttfb_metrics:131 - TTSMLXIsolated#0 TTFB: 2.4851131439208984
2025-11-15 00:22:25.564 | DEBUG    | pipecat.transports.base_output:_bot_started_speaking:567 - Bot started speaking
2025-11-15 00:22:25.566 | DEBUG    | tts_mlx_isolated:run_tts:217 - TTSMLXIsolated#0: Finished TTS [ I'm]
2025-11-15 00:22:25.566 | DEBUG    | pipecat.processors.metrics.frame_processor_metrics:stop_processing_metrics:152 - TTSMLXIsolated#0 processing time: 2.488057851791382
2025-11-15 00:22:25.567 | DEBUG    | tts_mlx_isolated:run_tts:178 - TTSMLXIsolated#0: Generating TTS [ L]
2025-11-15 00:22:25.567 | DEBUG    | pipecat.processors.metrics.frame_processor_metrics:start_tts_usage_metrics:191 - TTSMLXIsolated#0 usage characters: 2
2025-11-15 00:22:25.567 | DEBUG    | tts_mlx_isolated:_send_command:104 - Sending command: {'cmd': 'generate', 'text': ' L'}
2025-11-15 00:22:27.115 | DEBUG    | pipecat.transports.base_output:_bot_stopped_speaking:583 - Bot stopped speaking
Generated segment shape: (13800,), min: -0.1704, max: 0.1628
Final audio shape: (13800,), min: -0.1704, max: 0.1628
2025-11-15 00:22:33.004 | DEBUG    | tts_mlx_isolated:_send_command:127 - Worker response: success with 36800 chars of audio data
2025-11-15 00:22:33.004 | DEBUG    | pipecat.processors.metrics.frame_processor_metrics:stop_ttfb_metrics:131 - TTSMLXIsolated#0 TTFB: 7.437739133834839
2025-11-15 00:22:33.005 | DEBUG    | pipecat.transports.base_output:_bot_started_speaking:567 - Bot started speaking
2025-11-15 00:22:33.007 | DEBUG    | tts_mlx_isolated:run_tts:217 - TTSMLXIsolated#0: Finished TTS [ L]
2025-11-15 00:22:33.007 | DEBUG    | pipecat.processors.metrics.frame_processor_metrics:stop_processing_metrics:152 - TTSMLXIsolated#0 processing time: 7.440495014190674
2025-11-15 00:22:33.007 | DEBUG    | tts_mlx_isolated:run_tts:178 - TTSMLXIsolated#0: Generating TTS [enny]
2025-11-15 00:22:33.007 | DEBUG    | pipecat.processors.metrics.frame_processor_metrics:start_tts_usage_metrics:191 - TTSMLXIsolated#0 usage characters: 4
2025-11-15 00:22:33.007 | DEBUG    | tts_mlx_isolated:_send_command:104 - Sending command: {'cmd': 'generate', 'text': 'enny'}
Generated segment shape: (30600,), min: -0.2183, max: 0.2923
Final audio shape: (30600,), min: -0.2183, max: 0.2923
2025-11-15 00:22:33.371 | DEBUG    | tts_mlx_isolated:_send_command:127 - Worker response: success with 81600 chars of audio data
2025-11-15 00:22:33.371 | DEBUG    | pipecat.processors.metrics.frame_processor_metrics:stop_ttfb_metrics:131 - TTSMLXIsolated#0 TTFB: 0.3641691207885742
2025-11-15 00:22:33.375 | DEBUG    | tts_mlx_isolated:run_tts:217 - TTSMLXIsolated#0: Finished TTS [enny]
2025-11-15 00:22:33.376 | DEBUG    | pipecat.processors.metrics.frame_processor_metrics:stop_processing_metrics:152 - TTSMLXIsolated#0 processing time: 0.3685038089752197
2025-11-15 00:22:33.376 | DEBUG    | tts_mlx_isolated:run_tts:178 - TTSMLXIsolated#0: Generating TTS [,]
2025-11-15 00:22:33.376 | DEBUG    | pipecat.processors.metrics.frame_processor_metrics:start_tts_usage_metrics:191 - TTSMLXIsolated#0 usage characters: 1
2025-11-15 00:22:33.376 | DEBUG    | tts_mlx_isolated:_send_command:104 - Sending command: {'cmd': 'generate', 'text': ','}
Generated segment shape: (30600,), min: -0.2130, max: 0.2521
Final audio shape: (30600,), min: -0.2130, max: 0.2521
2025-11-15 00:22:33.743 | DEBUG    | tts_mlx_isolated:_send_command:127 - Worker response: success with 81600 chars of audio data
2025-11-15 00:22:33.744 | DEBUG    | pipecat.processors.metrics.frame_processor_metrics:stop_ttfb_metrics:131 - TTSMLXIsolated#0 TTFB: 0.36818385124206543
2025-11-15 00:22:33.749 | DEBUG    | tts_mlx_isolated:run_tts:217 - TTSMLXIsolated#0: Finished TTS [,]
2025-11-15 00:22:33.749 | DEBUG    | pipecat.processors.metrics.frame_processor_metrics:stop_processing_metrics:152 - TTSMLXIsolated#0 processing time: 0.3731729984283447
2025-11-15 00:22:33.749 | DEBUG    | tts_mlx_isolated:run_tts:178 - TTSMLXIsolated#0: Generating TTS [ the]
2025-11-15 00:22:33.749 | DEBUG    | pipecat.processors.metrics.frame_processor_metrics:start_tts_usage_metrics:191 - TTSMLXIsolated#0 usage characters: 4
2025-11-15 00:22:33.749 | DEBUG    | tts_mlx_isolated:_send_command:104 - Sending command: {'cmd': 'generate', 'text': ' the'}
Generated segment shape: (31800,), min: -0.2538, max: 0.3203
Final audio shape: (31800,), min: -0.2538, max: 0.3203
2025-11-15 00:22:34.574 | DEBUG    | tts_mlx_isolated:_send_command:127 - Worker response: success with 84800 chars of audio data
2025-11-15 00:22:34.574 | DEBUG    | pipecat.processors.metrics.frame_processor_metrics:stop_ttfb_metrics:131 - TTSMLXIsolated#0 TTFB: 0.825376033782959
2025-11-15 00:22:34.577 | DEBUG    | tts_mlx_isolated:run_tts:217 - TTSMLXIsolated#0: Finished TTS [ the]
2025-11-15 00:22:34.577 | DEBUG    | pipecat.processors.metrics.frame_processor_metrics:stop_processing_metrics:152 - TTSMLXIsolated#0 processing time: 0.8284013271331787
2025-11-15 00:22:34.577 | DEBUG    | tts_mlx_isolated:run_tts:178 - TTSMLXIsolated#0: Generating TTS [ concierge]
2025-11-15 00:22:34.577 | DEBUG    | pipecat.processors.metrics.frame_processor_metrics:start_tts_usage_metrics:191 - TTSMLXIsolated#0 usage characters: 10
2025-11-15 00:22:34.578 | DEBUG    | tts_mlx_isolated:_send_command:104 - Sending command: {'cmd': 'generate', 'text': ' concierge'}
Generated segment shape: (12600,), min: -0.2333, max: 0.1682
Final audio shape: (12600,), min: -0.2333, max: 0.1682
2025-11-15 00:22:34.903 | DEBUG    | tts_mlx_isolated:_send_command:127 - Worker response: success with 33600 chars of audio data
2025-11-15 00:22:34.904 | DEBUG    | pipecat.processors.metrics.frame_processor_metrics:stop_ttfb_metrics:131 - TTSMLXIsolated#0 TTFB: 0.3260810375213623
2025-11-15 00:22:34.906 | DEBUG    | tts_mlx_isolated:run_tts:217 - TTSMLXIsolated#0: Finished TTS [ concierge]
2025-11-15 00:22:34.906 | DEBUG    | pipecat.processors.metrics.frame_processor_metrics:stop_processing_metrics:152 - TTSMLXIsolated#0 processing time: 0.3286893367767334
2025-11-15 00:22:34.906 | DEBUG    | tts_mlx_isolated:run_tts:178 - TTSMLXIsolated#0: Generating TTS [ at]
2025-11-15 00:22:34.906 | DEBUG    | pipecat.processors.metrics.frame_processor_metrics:start_tts_usage_metrics:191 - TTSMLXIsolated#0 usage characters: 3
2025-11-15 00:22:34.906 | DEBUG    | tts_mlx_isolated:_send_command:104 - Sending command: {'cmd': 'generate', 'text': ' at'}
Generated segment shape: (24600,), min: -0.2069, max: 0.1901
Final audio shape: (24600,), min: -0.2069, max: 0.1901
2025-11-15 00:22:35.262 | DEBUG    | tts_mlx_isolated:_send_command:127 - Worker response: success with 65600 chars of audio data
2025-11-15 00:22:35.263 | DEBUG    | pipecat.processors.metrics.frame_processor_metrics:stop_ttfb_metrics:131 - TTSMLXIsolated#0 TTFB: 0.3564908504486084
2025-11-15 00:22:35.266 | DEBUG    | tts_mlx_isolated:run_tts:217 - TTSMLXIsolated#0: Finished TTS [ at]
2025-11-15 00:22:35.266 | DEBUG    | pipecat.processors.metrics.frame_processor_metrics:stop_processing_metrics:152 - TTSMLXIsolated#0 processing time: 0.3596041202545166
2025-11-15 00:22:35.266 | DEBUG    | tts_mlx_isolated:run_tts:178 - TTSMLXIsolated#0: Generating TTS [ Tom]
2025-11-15 00:22:35.266 | DEBUG    | pipecat.processors.metrics.frame_processor_metrics:start_tts_usage_metrics:191 - TTSMLXIsolated#0 usage characters: 4
2025-11-15 00:22:35.266 | DEBUG    | tts_mlx_isolated:_send_command:104 - Sending command: {'cmd': 'generate', 'text': ' Tom'}
Generated segment shape: (36600,), min: -0.2962, max: 0.2532
Final audio shape: (36600,), min: -0.2962, max: 0.2532
2025-11-15 00:22:35.640 | DEBUG    | tts_mlx_isolated:_send_command:127 - Worker response: success with 97600 chars of audio data
2025-11-15 00:22:35.641 | DEBUG    | pipecat.processors.metrics.frame_processor_metrics:stop_ttfb_metrics:131 - TTSMLXIsolated#0 TTFB: 0.37477612495422363
2025-11-15 00:22:35.645 | DEBUG    | tts_mlx_isolated:run_tts:217 - TTSMLXIsolated#0: Finished TTS [ Tom]
2025-11-15 00:22:35.645 | DEBUG    | pipecat.processors.metrics.frame_processor_metrics:stop_processing_metrics:152 - TTSMLXIsolated#0 processing time: 0.37948012351989746
2025-11-15 00:22:35.645 | DEBUG    | tts_mlx_isolated:run_tts:178 - TTSMLXIsolated#0: Generating TTS [at]
2025-11-15 00:22:35.645 | DEBUG    | pipecat.processors.metrics.frame_processor_metrics:start_tts_usage_metrics:191 - TTSMLXIsolated#0 usage characters: 2
2025-11-15 00:22:35.646 | DEBUG    | tts_mlx_isolated:_send_command:104 - Sending command: {'cmd': 'generate', 'text': 'at'}
Generated segment shape: (22800,), min: -0.1670, max: 0.1719
Final audio shape: (22800,), min: -0.1670, max: 0.1719
2025-11-15 00:22:35.957 | DEBUG    | tts_mlx_isolated:_send_command:127 - Worker response: success with 60800 chars of audio data
2025-11-15 00:22:35.957 | DEBUG    | pipecat.processors.metrics.frame_processor_metrics:stop_ttfb_metrics:131 - TTSMLXIsolated#0 TTFB: 0.31195712089538574
2025-11-15 00:22:35.960 | DEBUG    | tts_mlx_isolated:run_tts:217 - TTSMLXIsolated#0: Finished TTS [at]
2025-11-15 00:22:35.961 | DEBUG    | pipecat.processors.metrics.frame_processor_metrics:stop_processing_metrics:152 - TTSMLXIsolated#0 processing time: 0.31523704528808594
2025-11-15 00:22:35.961 | DEBUG    | tts_mlx_isolated:run_tts:178 - TTSMLXIsolated#0: Generating TTS [ito]
2025-11-15 00:22:35.961 | DEBUG    | pipecat.processors.metrics.frame_processor_metrics:start_tts_usage_metrics:191 - TTSMLXIsolated#0 usage characters: 3
2025-11-15 00:22:35.961 | DEBUG    | tts_mlx_isolated:_send_command:104 - Sending command: {'cmd': 'generate', 'text': 'ito'}
Generated segment shape: (32400,), min: -0.2269, max: 0.2170
Final audio shape: (32400,), min: -0.2269, max: 0.2170
2025-11-15 00:22:36.981 | DEBUG    | tts_mlx_isolated:_send_command:127 - Worker response: success with 86400 chars of audio data
2025-11-15 00:22:36.981 | DEBUG    | pipecat.processors.metrics.frame_processor_metrics:stop_ttfb_metrics:131 - TTSMLXIsolated#0 TTFB: 1.0204827785491943
2025-11-15 00:22:36.985 | DEBUG    | tts_mlx_isolated:run_tts:217 - TTSMLXIsolated#0: Finished TTS [ito]
2025-11-15 00:22:36.985 | DEBUG    | pipecat.processors.metrics.frame_processor_metrics:stop_processing_metrics:152 - TTSMLXIsolated#0 processing time: 1.0240790843963623
2025-11-15 00:22:36.985 | DEBUG    | tts_mlx_isolated:run_tts:178 - TTSMLXIsolated#0: Generating TTS [ Sexy]
2025-11-15 00:22:36.985 | DEBUG    | pipecat.processors.metrics.frame_processor_metrics:start_tts_usage_metrics:191 - TTSMLXIsolated#0 usage characters: 5
2025-11-15 00:22:36.985 | DEBUG    | tts_mlx_isolated:_send_command:104 - Sending command: {'cmd': 'generate', 'text': ' Sexy'}
Generated segment shape: (22800,), min: -0.1961, max: 0.1717
Final audio shape: (22800,), min: -0.1961, max: 0.1717
2025-11-15 00:22:37.559 | DEBUG    | tts_mlx_isolated:_send_command:127 - Worker response: success with 60800 chars of audio data
2025-11-15 00:22:37.559 | DEBUG    | pipecat.processors.metrics.frame_processor_metrics:stop_ttfb_metrics:131 - TTSMLXIsolated#0 TTFB: 0.5741641521453857
2025-11-15 00:22:37.561 | DEBUG    | tts_mlx_isolated:run_tts:217 - TTSMLXIsolated#0: Finished TTS [ Sexy]
2025-11-15 00:22:37.561 | DEBUG    | pipecat.processors.metrics.frame_processor_metrics:stop_processing_metrics:152 - TTSMLXIsolated#0 processing time: 0.5763919353485107
2025-11-15 00:22:37.562 | DEBUG    | tts_mlx_isolated:run_tts:178 - TTSMLXIsolated#0: Generating TTS [ Tap]
2025-11-15 00:22:37.562 | DEBUG    | pipecat.processors.metrics.frame_processor_metrics:start_tts_usage_metrics:191 - TTSMLXIsolated#0 usage characters: 4
2025-11-15 00:22:37.562 | DEBUG    | tts_mlx_isolated:_send_command:104 - Sending command: {'cmd': 'generate', 'text': ' Tap'}
Generated segment shape: (31200,), min: -0.1855, max: 0.1535
Final audio shape: (31200,), min: -0.1855, max: 0.1535
2025-11-15 00:22:37.921 | DEBUG    | tts_mlx_isolated:_send_command:127 - Worker response: success with 83200 chars of audio data
2025-11-15 00:22:37.922 | DEBUG    | pipecat.processors.metrics.frame_processor_metrics:stop_ttfb_metrics:131 - TTSMLXIsolated#0 TTFB: 0.36019396781921387
2025-11-15 00:22:37.925 | DEBUG    | tts_mlx_isolated:run_tts:217 - TTSMLXIsolated#0: Finished TTS [ Tap]
2025-11-15 00:22:37.925 | DEBUG    | pipecat.processors.metrics.frame_processor_metrics:stop_processing_metrics:152 - TTSMLXIsolated#0 processing time: 0.36377906799316406
2025-11-15 00:22:37.925 | DEBUG    | tts_mlx_isolated:run_tts:178 - TTSMLXIsolated#0: Generating TTS [as]
2025-11-15 00:22:37.925 | DEBUG    | pipecat.processors.metrics.frame_processor_metrics:start_tts_usage_metrics:191 - TTSMLXIsolated#0 usage characters: 2
2025-11-15 00:22:37.926 | DEBUG    | tts_mlx_isolated:_send_command:104 - Sending command: {'cmd': 'generate', 'text': 'as'}
Generated segment shape: (36000,), min: -0.3827, max: 0.3219
Final audio shape: (36000,), min: -0.3827, max: 0.3219
2025-11-15 00:22:38.746 | DEBUG    | tts_mlx_isolated:_send_command:127 - Worker response: success with 96000 chars of audio data
2025-11-15 00:22:38.746 | DEBUG    | pipecat.processors.metrics.frame_processor_metrics:stop_ttfb_metrics:131 - TTSMLXIsolated#0 TTFB: 0.8208940029144287
2025-11-15 00:22:38.750 | DEBUG    | tts_mlx_isolated:run_tts:217 - TTSMLXIsolated#0: Finished TTS [as]
2025-11-15 00:22:38.750 | DEBUG    | pipecat.processors.metrics.frame_processor_metrics:stop_processing_metrics:152 - TTSMLXIsolated#0 processing time: 0.8243210315704346
2025-11-15 00:22:38.750 | DEBUG    | tts_mlx_isolated:run_tts:178 - TTSMLXIsolated#0: Generating TTS [ Bar]
2025-11-15 00:22:38.750 | DEBUG    | pipecat.processors.metrics.frame_processor_metrics:start_tts_usage_metrics:191 - TTSMLXIsolated#0 usage characters: 4
2025-11-15 00:22:38.750 | DEBUG    | tts_mlx_isolated:_send_command:104 - Sending command: {'cmd': 'generate', 'text': ' Bar'}
Generated segment shape: (30000,), min: -0.2598, max: 0.1862
Final audio shape: (30000,), min: -0.2598, max: 0.1862
2025-11-15 00:22:39.136 | DEBUG    | tts_mlx_isolated:_send_command:127 - Worker response: success with 80000 chars of audio data
2025-11-15 00:22:39.136 | DEBUG    | pipecat.processors.metrics.frame_processor_metrics:stop_ttfb_metrics:131 - TTSMLXIsolated#0 TTFB: 0.38655996322631836
2025-11-15 00:22:39.139 | DEBUG    | tts_mlx_isolated:run_tts:217 - TTSMLXIsolated#0: Finished TTS [ Bar]
2025-11-15 00:22:39.140 | DEBUG    | pipecat.processors.metrics.frame_processor_metrics:stop_processing_metrics:152 - TTSMLXIsolated#0 processing time: 0.389801025390625
2025-11-15 00:22:39.140 | DEBUG    | tts_mlx_isolated:run_tts:178 - TTSMLXIsolated#0: Generating TTS [.]
2025-11-15 00:22:39.140 | DEBUG    | pipecat.processors.metrics.frame_processor_metrics:start_tts_usage_metrics:191 - TTSMLXIsolated#0 usage characters: 1
2025-11-15 00:22:39.140 | DEBUG    | tts_mlx_isolated:_send_command:104 - Sending command: {'cmd': 'generate', 'text': '.'}
Generated segment shape: (15600,), min: -0.1670, max: 0.2841
Final audio shape: (15600,), min: -0.1670, max: 0.2841
2025-11-15 00:22:41.291 | DEBUG    | tts_mlx_isolated:_send_command:127 - Worker response: success with 41600 chars of audio data
2025-11-15 00:22:41.291 | DEBUG    | pipecat.processors.metrics.frame_processor_metrics:stop_ttfb_metrics:131 - TTSMLXIsolated#0 TTFB: 2.151726007461548
2025-11-15 00:22:41.295 | DEBUG    | tts_mlx_isolated:run_tts:217 - TTSMLXIsolated#0: Finished TTS [.]
2025-11-15 00:22:41.295 | DEBUG    | pipecat.processors.metrics.frame_processor_metrics:stop_processing_metrics:152 - TTSMLXIsolated#0 processing time: 2.1553449630737305
2025-11-15 00:22:41.295 | DEBUG    | tts_mlx_isolated:run_tts:178 - TTSMLXIsolated#0: Generating TTS [ How]
2025-11-15 00:22:41.295 | DEBUG    | pipecat.processors.metrics.frame_processor_metrics:start_tts_usage_metrics:191 - TTSMLXIsolated#0 usage characters: 4
2025-11-15 00:22:41.295 | DEBUG    | tts_mlx_isolated:_send_command:104 - Sending command: {'cmd': 'generate', 'text': ' How'}
Generated segment shape: (30000,), min: -0.2622, max: 0.2701
Final audio shape: (30000,), min: -0.2622, max: 0.2701
2025-11-15 00:22:42.593 | DEBUG    | tts_mlx_isolated:_send_command:127 - Worker response: success with 80000 chars of audio data
2025-11-15 00:22:42.593 | DEBUG    | pipecat.processors.metrics.frame_processor_metrics:stop_ttfb_metrics:131 - TTSMLXIsolated#0 TTFB: 1.2981908321380615
2025-11-15 00:22:42.596 | DEBUG    | tts_mlx_isolated:run_tts:217 - TTSMLXIsolated#0: Finished TTS [ How]
2025-11-15 00:22:42.596 | DEBUG    | pipecat.processors.metrics.frame_processor_metrics:stop_processing_metrics:152 - TTSMLXIsolated#0 processing time: 1.3012590408325195
2025-11-15 00:22:42.597 | DEBUG    | tts_mlx_isolated:run_tts:178 - TTSMLXIsolated#0: Generating TTS [ can]
2025-11-15 00:22:42.597 | DEBUG    | pipecat.processors.metrics.frame_processor_metrics:start_tts_usage_metrics:191 - TTSMLXIsolated#0 usage characters: 4
2025-11-15 00:22:42.597 | DEBUG    | tts_mlx_isolated:_send_command:104 - Sending command: {'cmd': 'generate', 'text': ' can'}
Generated segment shape: (12600,), min: -0.2031, max: 0.1593
Final audio shape: (12600,), min: -0.2031, max: 0.1593
2025-11-15 00:22:42.967 | DEBUG    | tts_mlx_isolated:_send_command:127 - Worker response: success with 33600 chars of audio data
2025-11-15 00:22:42.967 | DEBUG    | pipecat.processors.metrics.frame_processor_metrics:stop_ttfb_metrics:131 - TTSMLXIsolated#0 TTFB: 0.37036991119384766
2025-11-15 00:22:42.970 | DEBUG    | tts_mlx_isolated:run_tts:217 - TTSMLXIsolated#0: Finished TTS [ can]
2025-11-15 00:22:42.970 | DEBUG    | pipecat.processors.metrics.frame_processor_metrics:stop_processing_metrics:152 - TTSMLXIsolated#0 processing time: 0.3734703063964844
2025-11-15 00:22:42.970 | DEBUG    | tts_mlx_isolated:run_tts:178 - TTSMLXIsolated#0: Generating TTS [ I]
2025-11-15 00:22:42.970 | DEBUG    | pipecat.processors.metrics.frame_processor_metrics:start_tts_usage_metrics:191 - TTSMLXIsolated#0 usage characters: 2
2025-11-15 00:22:42.970 | DEBUG    | tts_mlx_isolated:_send_command:104 - Sending command: {'cmd': 'generate', 'text': ' I'}
Generated segment shape: (28800,), min: -0.2408, max: 0.2053
Final audio shape: (28800,), min: -0.2408, max: 0.2053
2025-11-15 00:22:43.362 | DEBUG    | tts_mlx_isolated:_send_command:127 - Worker response: success with 76800 chars of audio data
2025-11-15 00:22:43.363 | DEBUG    | pipecat.processors.metrics.frame_processor_metrics:stop_ttfb_metrics:131 - TTSMLXIsolated#0 TTFB: 0.3922109603881836
2025-11-15 00:22:43.366 | DEBUG    | tts_mlx_isolated:run_tts:217 - TTSMLXIsolated#0: Finished TTS [ I]
2025-11-15 00:22:43.366 | DEBUG    | pipecat.processors.metrics.frame_processor_metrics:stop_processing_metrics:152 - TTSMLXIsolated#0 processing time: 0.3958878517150879
2025-11-15 00:22:43.366 | DEBUG    | tts_mlx_isolated:run_tts:178 - TTSMLXIsolated#0: Generating TTS [ help]
2025-11-15 00:22:43.366 | DEBUG    | pipecat.processors.metrics.frame_processor_metrics:start_tts_usage_metrics:191 - TTSMLXIsolated#0 usage characters: 5
2025-11-15 00:22:43.366 | DEBUG    | tts_mlx_isolated:_send_command:104 - Sending command: {'cmd': 'generate', 'text': ' help'}
Generated segment shape: (31800,), min: -0.2604, max: 0.1994
Final audio shape: (31800,), min: -0.2604, max: 0.1994
2025-11-15 00:22:43.782 | DEBUG    | tts_mlx_isolated:_send_command:127 - Worker response: success with 84800 chars of audio data
2025-11-15 00:22:43.782 | DEBUG    | pipecat.processors.metrics.frame_processor_metrics:stop_ttfb_metrics:131 - TTSMLXIsolated#0 TTFB: 0.41592907905578613
2025-11-15 00:22:43.787 | DEBUG    | tts_mlx_isolated:run_tts:217 - TTSMLXIsolated#0: Finished TTS [ help]
2025-11-15 00:22:43.787 | DEBUG    | pipecat.processors.metrics.frame_processor_metrics:stop_processing_metrics:152 - TTSMLXIsolated#0 processing time: 0.42117977142333984
2025-11-15 00:22:43.788 | DEBUG    | tts_mlx_isolated:run_tts:178 - TTSMLXIsolated#0: Generating TTS [ make]
2025-11-15 00:22:43.788 | DEBUG    | pipecat.processors.metrics.frame_processor_metrics:start_tts_usage_metrics:191 - TTSMLXIsolated#0 usage characters: 5
2025-11-15 00:22:43.789 | DEBUG    | tts_mlx_isolated:_send_command:104 - Sending command: {'cmd': 'generate', 'text': ' make'}
Generated segment shape: (18600,), min: -0.1923, max: 0.2467
Final audio shape: (18600,), min: -0.1923, max: 0.2467
2025-11-15 00:22:44.121 | DEBUG    | tts_mlx_isolated:_send_command:127 - Worker response: success with 49600 chars of audio data
2025-11-15 00:22:44.121 | DEBUG    | pipecat.processors.metrics.frame_processor_metrics:stop_ttfb_metrics:131 - TTSMLXIsolated#0 TTFB: 0.3327770233154297
2025-11-15 00:22:44.124 | DEBUG    | tts_mlx_isolated:run_tts:217 - TTSMLXIsolated#0: Finished TTS [ make]
2025-11-15 00:22:44.125 | DEBUG    | pipecat.processors.metrics.frame_processor_metrics:stop_processing_metrics:152 - TTSMLXIsolated#0 processing time: 0.3362901210784912
2025-11-15 00:22:44.125 | DEBUG    | tts_mlx_isolated:run_tts:178 - TTSMLXIsolated#0: Generating TTS [ your]
2025-11-15 00:22:44.125 | DEBUG    | pipecat.processors.metrics.frame_processor_metrics:start_tts_usage_metrics:191 - TTSMLXIsolated#0 usage characters: 5
2025-11-15 00:22:44.125 | DEBUG    | tts_mlx_isolated:_send_command:104 - Sending command: {'cmd': 'generate', 'text': ' your'}
Generated segment shape: (27600,), min: -0.3131, max: 0.2578
Final audio shape: (27600,), min: -0.3131, max: 0.2578
2025-11-15 00:22:44.508 | DEBUG    | tts_mlx_isolated:_send_command:127 - Worker response: success with 73600 chars of audio data
2025-11-15 00:22:44.508 | DEBUG    | pipecat.processors.metrics.frame_processor_metrics:stop_ttfb_metrics:131 - TTSMLXIsolated#0 TTFB: 0.3836197853088379
2025-11-15 00:22:44.512 | DEBUG    | tts_mlx_isolated:run_tts:217 - TTSMLXIsolated#0: Finished TTS [ your]
2025-11-15 00:22:44.512 | DEBUG    | pipecat.processors.metrics.frame_processor_metrics:stop_processing_metrics:152 - TTSMLXIsolated#0 processing time: 0.3872981071472168
2025-11-15 00:22:44.512 | DEBUG    | tts_mlx_isolated:run_tts:178 - TTSMLXIsolated#0: Generating TTS [ experience]
2025-11-15 00:22:44.512 | DEBUG    | pipecat.processors.metrics.frame_processor_metrics:start_tts_usage_metrics:191 - TTSMLXIsolated#0 usage characters: 11
2025-11-15 00:22:44.512 | DEBUG    | tts_mlx_isolated:_send_command:104 - Sending command: {'cmd': 'generate', 'text': ' experience'}
Generated segment shape: (29400,), min: -0.3005, max: 0.2134